<?xml version="1.0" encoding="UTF-8"?>
<!-- Generated by org.testng.reporters.JUnitReportReporter -->
<testsuite hostname="DESKTOP-5N55N0D" failures="0" tests="1" name="com.epam.cdp.calc.SubCalc" time="0.003" errors="0" timestamp="24 Jun 2018 18:00:51 GMT" skipped="0">
  <testcase classname="com.epam.cdp.calc.SubCalc" name="threeMinusTwo" time="0.003"/>
</testsuite> <!-- com.epam.cdp.calc.SubCalc -->
