<?xml version="1.0" encoding="UTF-8"?>
<!-- Generated by org.testng.reporters.JUnitReportReporter -->
<testsuite hostname="DESKTOP-5N55N0D" failures="0" tests="4" name="com.epam.cdp.calc.SumCalc" time="0.011" errors="0" timestamp="24 Jun 2018 18:12:21 GMT" skipped="0">
  <testcase classname="com.epam.cdp.calc.SumCalc" name="plus" time="0.002"/>
  <testcase classname="com.epam.cdp.calc.SumCalc" name="plus" time="0.006"/>
  <testcase classname="com.epam.cdp.calc.SumCalc" name="plus" time="0.001"/>
  <testcase classname="com.epam.cdp.calc.SumCalc" name="plus" time="0.002"/>
</testsuite> <!-- com.epam.cdp.calc.SumCalc -->
